
Showing logs for build [32mcb-kubecd-environment-pr-242-10-hcjbs-1[0m stage [32mfrom-build-pack[0m and container [32mstep-credential-initializer-h6948[0m
{"level":"info","ts":1593052371.9479203,"logger":"fallback-logger","caller":"logging/config.go:69","msg":"Fetch GitHub commit ID from kodata failed: open /var/run/ko/refs/heads/0.8.0-ns-support: no such file or directory"}
{"level":"info","ts":1593052371.9487457,"logger":"fallback-logger","caller":"creds-init/main.go:40","msg":"Credentials initialized."}

Showing logs for build [32mcb-kubecd-environment-pr-242-10-hcjbs-1[0m stage [32mfrom-build-pack[0m and container [32mstep-working-dir-initializer-kc6wr[0m
{"level":"info","ts":1593052373.313383,"logger":"fallback-logger","caller":"logging/config.go:69","msg":"Fetch GitHub commit ID from kodata failed: open /var/run/ko/HEAD: no such file or directory"}
{"level":"info","ts":1593052373.3147728,"logger":"fallback-logger","caller":"bash/main.go:64","msg":"Successfully executed command \"sh -c mkdir -p /workspace/source\"; output "}

Showing logs for build [32mcb-kubecd-environment-pr-242-10-hcjbs-1[0m stage [32mfrom-build-pack[0m and container [32mstep-place-tools[0m

Showing logs for build [32mcb-kubecd-environment-pr-242-10-hcjbs-1[0m stage [32mfrom-build-pack[0m and container [32mstep-git-source-cb-kubecd-environment-pr-242-10-hcjbs-5xcwj[0m
{"level":"info","ts":1593052378.4534614,"logger":"fallback-logger","caller":"logging/config.go:69","msg":"Fetch GitHub commit ID from kodata failed: open /var/run/ko/refs/heads/0.8.0-ns-support: no such file or directory"}
{"level":"info","ts":1593052379.4874985,"logger":"fallback-logger","caller":"git/git.go:103","msg":"Successfully cloned https://github.com/cb-kubecd/environment-pr-242-10-boot-vault-gke-staging.git @ master in path /workspace/source"}

Showing logs for build [32mcb-kubecd-environment-pr-242-10-hcjbs-1[0m stage [32mfrom-build-pack[0m and container [32mstep-git-merge[0m
Using SHAs from PULL_REFS=master:24256a660da23a15e24846c45a11744be358a28b,1:906a6ca4f3ea36ce5f66a918250c4aae6e57a8ca
DEBUG: LC_ALL=C JX_LOG_LEVEL=error git fetch origin --unshallow 906a6ca4f3ea36ce5f66a918250c4aae6e57a8ca: 24256a660da23a15e24846c45a11744be358a28b:
DEBUG: ran git fetch --unshallow origin 906a6ca4f3ea36ce5f66a918250c4aae6e57a8ca: 24256a660da23a15e24846c45a11744be358a28b: in 
DEBUG: LC_ALL=C JX_LOG_LEVEL=error git branch
DEBUG: LC_ALL=C JX_LOG_LEVEL=error git checkout master
DEBUG: ran git checkout master in 
DEBUG: LC_ALL=C JX_LOG_LEVEL=error git reset --hard 24256a660da23a15e24846c45a11744be358a28b
DEBUG: ran git reset --hard 24256a660da23a15e24846c45a11744be358a28b in 
DEBUG: LC_ALL=C JX_LOG_LEVEL=error git clean -fd .
DEBUG: ran clean --force -d . in 
DEBUG: LC_ALL=C JX_LOG_LEVEL=error git merge 906a6ca4f3ea36ce5f66a918250c4aae6e57a8ca
DEBUG: ran git merge 906a6ca4f3ea36ce5f66a918250c4aae6e57a8ca in 
DEBUG: LC_ALL=C JX_LOG_LEVEL=error git log --format=%H%x1f%an%x1f%ae%x1f%cn%x1f%ce%x1f%s%n%b%x1e 24256a660da23a15e24846c45a11744be358a28b..HEAD
Merged SHA 906a6ca4f3ea36ce5f66a918250c4aae6e57a8ca with commit message 'chore: Promote bdd-spring-1593052050 to version 0.0.1' into base branch master

Showing logs for build [32mcb-kubecd-environment-pr-242-10-hcjbs-1[0m stage [32mfrom-build-pack[0m and container [32mstep-build-helm-build[0m
WARNING: No $CHART_REPOSITORY defined so using the default value of: http://jenkins-x-chartmuseum:8080
Adding missing Helm repo: storage.googleapis.com https://storage.googleapis.com/chartmuseum.jenkins-x.io
WARNING: No secrets found on "helm/repos" due: reading the secret "helm/repos" from vault: no secret "helm/repos" not found in vault
Read credentials for https://storage.googleapis.com/chartmuseum.jenkins-x.io from vault helm/repos
Successfully added Helm repository storage.googleapis.com.
Adding missing Helm repo: jenkins-x-chartmuseum http://jenkins-x-chartmuseum:8080
WARNING: No secrets found on "helm/repos" due: reading the secret "helm/repos" from vault: no secret "helm/repos" not found in vault
Read credentials for http://jenkins-x-chartmuseum:8080 from vault helm/repos
Successfully added Helm repository jenkins-x-chartmuseum.
WARNING: No $CHART_REPOSITORY defined so using the default value of: http://jenkins-x-chartmuseum:8080
Adding missing Helm repo: chartmuseum.jenkins-x.io http://chartmuseum.jenkins-x.io
WARNING: No secrets found on "helm/repos" due: reading the secret "helm/repos" from vault: no secret "helm/repos" not found in vault
Read credentials for http://chartmuseum.jenkins-x.io from vault helm/repos
Successfully added Helm repository chartmuseum.jenkins-x.io.
